<?xml version="1.0" encoding="UTF-8"?>
<testng-results ignored="0" total="3" passed="2" failed="1" skipped="0">
  <reporter-output>
  </reporter-output>
  <suite started-at="2024-09-09T13:11:45 IST" name="Default suite" finished-at="2024-09-09T13:11:45 IST" duration-ms="127">
    <groups>
    </groups>
    <test started-at="2024-09-09T13:11:45 IST" name="Default test" finished-at="2024-09-09T13:11:45 IST" duration-ms="127">
      <class name="parameterization.Parameters2">
        <test-method signature="apihomeloan()[pri:0, instance:parameterization.Parameters2@3cebbb30]" started-at="2024-09-09T13:11:45 IST" name="apihomeloan" finished-at="2024-09-09T13:11:45 IST" duration-ms="17" status="PASS">
          <reporter-output>
          </reporter-output>
        </test-method> <!-- apihomeloan -->
        <test-method signature="mobilehomeloan(java.lang.String)[pri:0, instance:parameterization.Parameters2@3cebbb30]" started-at="2024-09-09T13:11:45 IST" name="mobilehomeloan" finished-at="2024-09-09T13:11:45 IST" duration-ms="0" status="FAIL">
          <exception class="org.testng.TestNGException">
            <message>
              <![CDATA[
Parameter 'URL' is required by @Test on method mobilehomeloan but has not been marked @Optional or defined
in C:\Users\J K Gupta\AppData\Local\Temp\testng-eclipse--1921451943\testng-customsuite.xml]]>
            </message>
            <full-stacktrace>
              <![CDATA[org.testng.TestNGException: 
Parameter 'URL' is required by @Test on method mobilehomeloan but has not been marked @Optional or defined
in C:\Users\J K Gupta\AppData\Local\Temp\testng-eclipse--1921451943\testng-customsuite.xml
at org.testng.internal.Parameters.createParams(Parameters.java:267)
at org.testng.internal.Parameters.createParametersForMethod(Parameters.java:355)
at org.testng.internal.Parameters.createParameters(Parameters.java:684)
at org.testng.internal.Parameters.handleParameters(Parameters.java:879)
at org.testng.internal.Parameters.handleParameters(Parameters.java:728)
at org.testng.internal.invokers.ParameterHandler.handleParameters(ParameterHandler.java:72)
at org.testng.internal.invokers.ParameterHandler.createParameters(ParameterHandler.java:51)
at org.testng.internal.invokers.TestInvoker$MethodInvocationAgent.invoke(TestInvoker.java:911)
at org.testng.internal.invokers.TestInvoker.invokeTestMethods(TestInvoker.java:200)
at org.testng.internal.invokers.TestMethodWorker.invokeTestMethods(TestMethodWorker.java:148)
at org.testng.internal.invokers.TestMethodWorker.run(TestMethodWorker.java:128)
at java.base/java.util.ArrayList.forEach(ArrayList.java:1511)
at org.testng.TestRunner.privateRun(TestRunner.java:848)
at org.testng.TestRunner.run(TestRunner.java:621)
at org.testng.SuiteRunner.runTest(SuiteRunner.java:443)
at org.testng.SuiteRunner.runSequentially(SuiteRunner.java:437)
at org.testng.SuiteRunner.privateRun(SuiteRunner.java:397)
at org.testng.SuiteRunner.run(SuiteRunner.java:336)
at org.testng.SuiteRunnerWorker.runSuite(SuiteRunnerWorker.java:52)
at org.testng.SuiteRunnerWorker.run(SuiteRunnerWorker.java:95)
at org.testng.TestNG.runSuitesSequentially(TestNG.java:1280)
at org.testng.TestNG.runSuitesLocally(TestNG.java:1200)
at org.testng.TestNG.runSuites(TestNG.java:1114)
at org.testng.TestNG.run(TestNG.java:1082)
at org.testng.remote.AbstractRemoteTestNG.run(AbstractRemoteTestNG.java:115)
at org.testng.remote.RemoteTestNG.initAndRun(RemoteTestNG.java:251)
at org.testng.remote.RemoteTestNG.main(RemoteTestNG.java:77)
]]>
            </full-stacktrace>
          </exception> <!-- org.testng.TestNGException -->
          <reporter-output>
          </reporter-output>
        </test-method> <!-- mobilehomeloan -->
        <test-method signature="webhomeloan()[pri:0, instance:parameterization.Parameters2@3cebbb30]" started-at="2024-09-09T13:11:45 IST" name="webhomeloan" finished-at="2024-09-09T13:11:45 IST" duration-ms="3" status="PASS">
          <reporter-output>
          </reporter-output>
        </test-method> <!-- webhomeloan -->
      </class> <!-- parameterization.Parameters2 -->
    </test> <!-- Default test -->
  </suite> <!-- Default suite -->
</testng-results>
