<?xml version="1.0" encoding="UTF-8"?>
<testng-results ignored="0" total="1" passed="1" failed="0" skipped="0">
  <reporter-output>
  </reporter-output>
  <suite started-at="2024-09-09T13:08:05 IST" name="Default suite" finished-at="2024-09-09T13:08:05 IST" duration-ms="106">
    <groups>
    </groups>
    <test started-at="2024-09-09T13:08:05 IST" name="Default test" finished-at="2024-09-09T13:08:05 IST" duration-ms="106">
      <class name="Bullet_Points.Test1">
        <test-method signature="test1()[pri:0, instance:Bullet_Points.Test1@73e22a3d]" started-at="2024-09-09T13:08:05 IST" name="test1" finished-at="2024-09-09T13:08:05 IST" duration-ms="18" status="PASS">
          <reporter-output>
          </reporter-output>
        </test-method> <!-- test1 -->
      </class> <!-- Bullet_Points.Test1 -->
    </test> <!-- Default test -->
  </suite> <!-- Default suite -->
</testng-results>
