<?xml version="1.0" encoding="UTF-8"?>
<testng-results ignored="0" total="3" passed="3" failed="0" skipped="0">
  <reporter-output>
  </reporter-output>
  <suite started-at="2024-09-09T13:35:55 IST" name="Default suite" finished-at="2024-09-09T13:36:16 IST" duration-ms="20500">
    <groups>
      <group name="Purchase">
        <method signature="SubmitOrderTest.submitOrder(java.util.HashMap)[pri:0, instance:standAlone_Test.SubmitOrderTest@368247b9]" name="submitOrder" class="standAlone_Test.SubmitOrderTest"/>
      </group> <!-- Purchase -->
    </groups>
    <test started-at="2024-09-09T13:35:55 IST" name="Default test" finished-at="2024-09-09T13:36:16 IST" duration-ms="20500">
      <class name="standAlone_Test.SubmitOrderTest">
        <test-method is-config="true" signature="launchApplication()[pri:0, instance:standAlone_Test.SubmitOrderTest@368247b9]" started-at="2024-09-09T13:35:56 IST" name="launchApplication" finished-at="2024-09-09T13:35:58 IST" duration-ms="2347" status="PASS">
          <reporter-output>
          </reporter-output>
        </test-method> <!-- launchApplication -->
        <test-method signature="submitOrder(java.util.HashMap)[pri:0, instance:standAlone_Test.SubmitOrderTest@368247b9]" started-at="2024-09-09T13:35:58 IST" name="submitOrder" data-provider="getData" finished-at="2024-09-09T13:36:04 IST" duration-ms="6071" status="PASS">
          <params>
            <param index="0">
              <value>
                <![CDATA[{email=jaykrishnagupta@gmail.com, productName=ZARA COAT 3, Password=Jaykrishna@1}]]>
              </value>
            </param>
          </params>
          <reporter-output>
          </reporter-output>
        </test-method> <!-- submitOrder -->
        <test-method is-config="true" signature="tearDown()[pri:0, instance:standAlone_Test.SubmitOrderTest@368247b9]" started-at="2024-09-09T13:36:04 IST" name="tearDown" finished-at="2024-09-09T13:36:04 IST" duration-ms="79" status="PASS">
          <reporter-output>
          </reporter-output>
        </test-method> <!-- tearDown -->
        <test-method is-config="true" signature="launchApplication()[pri:0, instance:standAlone_Test.SubmitOrderTest@368247b9]" started-at="2024-09-09T13:36:04 IST" name="launchApplication" finished-at="2024-09-09T13:36:06 IST" duration-ms="1508" status="PASS">
          <reporter-output>
          </reporter-output>
        </test-method> <!-- launchApplication -->
        <test-method signature="submitOrder(java.util.HashMap)[pri:0, instance:standAlone_Test.SubmitOrderTest@368247b9]" started-at="2024-09-09T13:36:06 IST" name="submitOrder" data-provider="getData" finished-at="2024-09-09T13:36:12 IST" duration-ms="5945" status="PASS">
          <params>
            <param index="0">
              <value>
                <![CDATA[{email=jaykrishnagupt@gmail.com, productName=ADIDAS ORIGINAL, Password=Jaykrishna#1}]]>
              </value>
            </param>
          </params>
          <reporter-output>
          </reporter-output>
        </test-method> <!-- submitOrder -->
        <test-method is-config="true" signature="tearDown()[pri:0, instance:standAlone_Test.SubmitOrderTest@368247b9]" started-at="2024-09-09T13:36:12 IST" name="tearDown" finished-at="2024-09-09T13:36:12 IST" duration-ms="78" status="PASS">
          <reporter-output>
          </reporter-output>
        </test-method> <!-- tearDown -->
        <test-method is-config="true" signature="launchApplication()[pri:0, instance:standAlone_Test.SubmitOrderTest@368247b9]" started-at="2024-09-09T13:36:12 IST" name="launchApplication" finished-at="2024-09-09T13:36:13 IST" duration-ms="1317" status="PASS">
          <reporter-output>
          </reporter-output>
        </test-method> <!-- launchApplication -->
        <test-method signature="orderHistoryTest()[pri:0, instance:standAlone_Test.SubmitOrderTest@368247b9]" started-at="2024-09-09T13:36:13 IST" name="orderHistoryTest" finished-at="2024-09-09T13:36:16 IST" depends-on-methods="standAlone_Test.SubmitOrderTest.submitOrder" duration-ms="2629" status="PASS">
          <reporter-output>
          </reporter-output>
        </test-method> <!-- orderHistoryTest -->
        <test-method is-config="true" signature="tearDown()[pri:0, instance:standAlone_Test.SubmitOrderTest@368247b9]" started-at="2024-09-09T13:36:16 IST" name="tearDown" finished-at="2024-09-09T13:36:16 IST" duration-ms="162" status="PASS">
          <reporter-output>
          </reporter-output>
        </test-method> <!-- tearDown -->
      </class> <!-- standAlone_Test.SubmitOrderTest -->
    </test> <!-- Default test -->
  </suite> <!-- Default suite -->
</testng-results>
