<?xml version="1.0" encoding="UTF-8"?>
<!-- Generated by org.testng.reporters.JUnitXMLReporter -->
<testsuite ignored="0" hostname="JKGUPTA" failures="0" tests="3" name="Default test" time="20.5" errors="0" timestamp="2024-09-09T13:36:16 IST">
  <testcase classname="standAlone_Test.SubmitOrderTest" name="submitOrder" time="6.071"/>
  <testcase classname="standAlone_Test.SubmitOrderTest" name="submitOrder" time="5.945"/>
  <testcase classname="standAlone_Test.SubmitOrderTest" name="orderHistoryTest" time="2.629"/>
</testsuite> <!-- Default test -->
